<?xml version="1.0" encoding="UTF-8"?>
<testsuites>
  <testsuite name="fastlane.lanes">
    
    
    
      
      <testcase classname="fastlane.lanes" name="0: Verifying required fastlane version" time="0.001301369">
        
      </testcase>
    
      
      <testcase classname="fastlane.lanes" name="1: default_platform" time="0.000854786">
        
      </testcase>
    
      
      <testcase classname="fastlane.lanes" name="2: gradle" time="13.812113523">
        
          <failure message="/var/lib/gems/2.3.0/gems/fastlane-2.35.1/fastlane/lib/fastlane/actions/actions_helper.rb:48:in `execute_action'&#10;/var/lib/gems/2.3.0/gems/fastlane-2.35.1/fastlane/lib/fastlane/runner.rb:230:in `block in execute_action'&#10;/var/lib/gems/2.3.0/gems/fastlane-2.35.1/fastlane/lib/fastlane/runner.rb:226:in `chdir'&#10;/var/lib/gems/2.3.0/gems/fastlane-2.35.1/fastlane/lib/fastlane/runner.rb:226:in `execute_action'&#10;/var/lib/gems/2.3.0/gems/fastlane-2.35.1/fastlane/lib/fastlane/runner.rb:148:in `trigger_action_by_name'&#10;/var/lib/gems/2.3.0/gems/fastlane-2.35.1/fastlane/lib/fastlane/fast_file.rb:146:in `method_missing'&#10;Fastfile:22:in `block (2 levels) in parsing_binding'&#10;/var/lib/gems/2.3.0/gems/fastlane-2.35.1/fastlane/lib/fastlane/lane.rb:33:in `call'&#10;/var/lib/gems/2.3.0/gems/fastlane-2.35.1/fastlane/lib/fastlane/runner.rb:49:in `block in execute'&#10;/var/lib/gems/2.3.0/gems/fastlane-2.35.1/fastlane/lib/fastlane/runner.rb:45:in `chdir'&#10;/var/lib/gems/2.3.0/gems/fastlane-2.35.1/fastlane/lib/fastlane/runner.rb:45:in `execute'&#10;/var/lib/gems/2.3.0/gems/fastlane-2.35.1/fastlane/lib/fastlane/lane_manager.rb:52:in `cruise_lane'&#10;/var/lib/gems/2.3.0/gems/fastlane-2.35.1/fastlane/lib/fastlane/command_line_handler.rb:30:in `handle'&#10;/var/lib/gems/2.3.0/gems/fastlane-2.35.1/fastlane/lib/fastlane/commands_generator.rb:104:in `block (2 levels) in run'&#10;/var/lib/gems/2.3.0/gems/commander-fastlane-4.4.4/lib/commander/command.rb:178:in `call'&#10;/var/lib/gems/2.3.0/gems/commander-fastlane-4.4.4/lib/commander/command.rb:153:in `run'&#10;/var/lib/gems/2.3.0/gems/commander-fastlane-4.4.4/lib/commander/runner.rb:476:in `run_active_command'&#10;/var/lib/gems/2.3.0/gems/fastlane-2.35.1/fastlane_core/lib/fastlane_core/ui/fastlane_runner.rb:38:in `run!'&#10;/var/lib/gems/2.3.0/gems/commander-fastlane-4.4.4/lib/commander/delegates.rb:15:in `run!'&#10;/var/lib/gems/2.3.0/gems/fastlane-2.35.1/fastlane/lib/fastlane/commands_generator.rb:303:in `run'&#10;/var/lib/gems/2.3.0/gems/fastlane-2.35.1/fastlane/lib/fastlane/commands_generator.rb:42:in `start'&#10;/var/lib/gems/2.3.0/gems/fastlane-2.35.1/fastlane/lib/fastlane/cli_tools_distributor.rb:66:in `take_off'&#10;/var/lib/gems/2.3.0/gems/fastlane-2.35.1/bin/fastlane:20:in `&lt;top (required)&gt;'&#10;/usr/local/bin/fastlane:23:in `load'&#10;/usr/local/bin/fastlane:23:in `&lt;main&gt;'&#10;&#10;Exit status of command '/home/serg/StudioProjects/Pomodoro/gradlew assembleDebug -p .' was 1 instead of 0.&#10;Starting a Gradle Daemon (subsequent builds will be faster)&#10;NDK is missing a &quot;platforms&quot; directory.&#10;If you are using NDK, verify the ndk.dir is set to a valid NDK directory.  It is currently set to /home/serg/Android/Sdk/ndk-bundle.&#10;If you are not using NDK, unset the NDK variable from ANDROID_NDK_HOME or local.properties to remove this warning.&#10;&#10;Incremental java compilation is an incubating feature.&#10;The Task.leftShift(Closure) method has been deprecated and is scheduled to be removed in Gradle 5.0. Please use Task.doLast(Action) instead.&#10;:app:preBuild UP-TO-DATE&#10;:app:preDebugBuild UP-TO-DATE&#10;:app:checkDebugManifest&#10;:app:preReleaseBuild UP-TO-DATE&#10;:app:prepareComAndroidSupportAnimatedVectorDrawable2531Library&#10;:app:prepareComAndroidSupportAppcompatV72531Library&#10;:app:prepareComAndroidSupportConstraintConstraintLayout102Library&#10;:app:prepareComAndroidSupportDesign2531Library&#10;:app:prepareComAndroidSupportMultidex101Library&#10;:app:prepareComAndroidSupportRecyclerviewV72531Library&#10;:app:prepareComAndroidSupportSupportCompat2531Library&#10;:app:prepareComAndroidSupportSupportCoreUi2531Library&#10;:app:prepareComAndroidSupportSupportCoreUtils2531Library&#10;:app:prepareComAndroidSupportSupportFragment2531Library&#10;:app:prepareComAndroidSupportSupportMediaCompat2531Library&#10;:app:prepareComAndroidSupportSupportV42531Library&#10;:app:prepareComAndroidSupportSupportVectorDrawable2531Library&#10;:app:prepareComAndroidSupportTransition2531Library&#10;:app:prepareComCrashlyticsSdkAndroidAnswers138Library&#10;:app:prepareComCrashlyticsSdkAndroidBeta116Library&#10;:app:prepareComCrashlyticsSdkAndroidCrashlytics257Library&#10;:app:prepareComCrashlyticsSdkAndroidCrashlyticsCore2310Library&#10;:app:prepareComGetkeepsafeRelinkerRelinker121Library&#10;:app:prepareComGithubRahatarmanahmedCircularprogressview250Library&#10;:app:prepareIoFabricSdkAndroidFabric1312Library&#10;:app:prepareIoReactivexRxjava2Rxandroid201Library&#10;:app:prepareIoRealmRealmAndroidLibrary0890Library&#10;:app:prepareDebugDependencies&#10;:app:compileDebugAidl UP-TO-DATE&#10;:app:compileDebugRenderscript UP-TO-DATE&#10;:app:generateDebugBuildConfig UP-TO-DATE&#10;:app:generateDebugResValues UP-TO-DATE&#10;:app:generateDebugResources UP-TO-DATE&#10;:app:mergeDebugResources UP-TO-DATE&#10;:app:processDebugManifest UP-TO-DATE&#10;:app:processDebugResources UP-TO-DATE&#10;:app:generateDebugSources UP-TO-DATE&#10;:app:incrementalDebugJavaCompilationSafeguard UP-TO-DATE&#10;:app:javaPreCompileDebug&#10;:app:kaptDebugKotlin FAILED&#10;&#10;FAILURE: Build failed with an exception.&#10;&#10;* What went wrong:&#10;Execution failed for task ':app:kaptDebugKotlin'.&#10;&gt; java.lang.ClassNotFoundException: com.sun.tools.javac.util.Context&#10;&#10;* Try:&#10;Run with --stacktrace option to get the stack trace. Run with --info or --debug option to get more log output.&#10;&#10;BUILD FAILED&#10;&#10;Total time: 13.185 secs&#10;" />
        
      </testcase>
    
  </testsuite>
</testsuites>
